1693819015322:question 12345
1693819121585:question 64d63d7e5d297b62515e1d98
1693819236506:optional.isPresent() ? optional.get().
1693819253000:question 64d640a75d297b62515e1da8
1693820646072:question
1693820659647:question f
1693822185705:ranking 64c2350f7b226d7b9ac5be04
1693822233568:ranking 64d63b2c5d297b62515e1d95
1693822262376:64d63b2c5d297b62515e1d95
1693822267727:ranking 42423424
1693822596368:categories\\
1693822597224:s
1693822670248:categories
1693824434002:ranking2 64c235157b226d7b9ac5be05
1693825001914:categories
1693825019793:ranking2 64c235cc7b226d7b9ac5be08\\
1693825215594:categories
1693825668620:ranking 64c2350f7b226d7b9ac5be04
1693825690667:ranking2 64c2350f7b226d7b9ac5be04
1693826127024:categories
1693826137817:ranking 64c235cc7b226d7b9ac5be08
1693826151204:ranking 64d63b2c5d297b62515e1d95
1693826704788:categories
1693826744971:question 64c8edd44cf6cf339054b5b0
1693826779830:question 64c3c4daf9a8ea22a4bd18e4s
1693826783269:question 64c3c4daf9a8ea22a4bd18e4
1693827293222:ranking 64c2350f7b226d7b9ac5be04
1693829520862:ranking 64c235cc7b226d7b9ac5be08
1693832412959:help
1693832472149:ranking 64d63b2c5d297b62515e1d95
1693832776830:categories
1693832782050:ranking 64d63b2c5d297b62515e1d95
1693833230223:categories
1693833235687:ranking 64c235cc7b226d7b9ac5be08
1693833920544:categories
1693833925847:ranking 64c235cc7b226d7b9ac5be08
1693833988840:categories
1693834002663:ranking 64c235157b226d7b9ac5be05
1693834278669:help
1693834334503:question 64cdf5f6eef92a0e4c2fbb03
1693835314023:question "64cdf5f6eef92a0e4c2fbb03"
1693835827544:categories
1693835849391:categories add "Peaky Blinders"
1693835856287:categories
1693835889629:help
1693836661132:ranking
1693836673940:categories
1693836684905:ranking --id 64f5e249afd4ba50f7a75117
1693836696230:ranking 64f5e249afd4ba50f7a75117
1693836705125:ranking 64d63b2c5d297b62515e1d95
1693836850308:clear
